<?xml version="1.0" encoding="UTF-8"?>
<!-- Generated by org.testng.reporters.JUnitXMLReporter -->
<testsuite hostname="hp" name="Default test" tests="5" failures="0" timestamp="17 Jul 2017 16:27:54 GMT" time="3.362" errors="0">
  <testcase name="@BeforeTest setUp" time="0.0" classname="STTA.MavenProject.webdriverTest">
    <failure type="java.lang.NoClassDefFoundError" message="org/openqa/selenium/browserlaunchers/Proxies">
      <![CDATA[java.lang.NoClassDefFoundError: org/openqa/selenium/browserlaunchers/Proxies
	at org.openqa.selenium.phantomjs.PhantomJSDriverService.createDefaultService(PhantomJSDriverService.java:178)
	at org.openqa.selenium.phantomjs.PhantomJSDriver.<init>(PhantomJSDriver.java:99)
	at org.openqa.selenium.phantomjs.PhantomJSDriver.<init>(PhantomJSDriver.java:89)
	at STTA.MavenProject.webdriverTest.setUp(webdriverTest.java:62)
	at sun.reflect.NativeMethodAccessorImpl.invoke0(Native Method)
	at sun.reflect.NativeMethodAccessorImpl.invoke(Unknown Source)
	at sun.reflect.DelegatingMethodAccessorImpl.invoke(Unknown Source)
	at java.lang.reflect.Method.invoke(Unknown Source)
	at org.testng.internal.MethodInvocationHelper.invokeMethod(MethodInvocationHelper.java:84)
	at org.testng.internal.Invoker.invokeConfigurationMethod(Invoker.java:564)
	at org.testng.internal.Invoker.invokeConfigurations(Invoker.java:213)
	at org.testng.internal.Invoker.invokeConfigurations(Invoker.java:138)
	at org.testng.TestRunner.beforeRun(TestRunner.java:641)
	at org.testng.TestRunner.run(TestRunner.java:609)
	at org.testng.SuiteRunner.runTest(SuiteRunner.java:334)
	at org.testng.SuiteRunner.runSequentially(SuiteRunner.java:329)
	at org.testng.SuiteRunner.privateRun(SuiteRunner.java:291)
	at org.testng.SuiteRunner.run(SuiteRunner.java:240)
	at org.testng.SuiteRunnerWorker.runSuite(SuiteRunnerWorker.java:52)
	at org.testng.SuiteRunnerWorker.run(SuiteRunnerWorker.java:86)
	at org.testng.TestNG.runSuitesSequentially(TestNG.java:1224)
	at org.testng.TestNG.runSuitesLocally(TestNG.java:1149)
	at org.testng.TestNG.run(TestNG.java:1057)
	at org.testng.remote.AbstractRemoteTestNG.run(AbstractRemoteTestNG.java:132)
	at org.testng.remote.RemoteTestNG.initAndRun(RemoteTestNG.java:230)
	at org.testng.remote.RemoteTestNG.main(RemoteTestNG.java:76)
Caused by: java.lang.ClassNotFoundException: org.openqa.selenium.browserlaunchers.Proxies
	at java.net.URLClassLoader.findClass(Unknown Source)
	at java.lang.ClassLoader.loadClass(Unknown Source)
	at sun.misc.Launcher$AppClassLoader.loadClass(Unknown Source)
	at java.lang.ClassLoader.loadClass(Unknown Source)
	... 26 more
]]>
    </failure>
  </testcase> <!-- @BeforeTest setUp -->
  <testcase name="@AfterTest exit" time="0.0" classname="STTA.MavenProject.webdriverTest">
    <skipped/>
  </testcase> <!-- @AfterTest exit -->
  <testcase name="testCaseOne" time="0.004" classname="STTA.MavenProject.webdriverTest">
    <skipped/>
  </testcase> <!-- testCaseOne -->
  <testcase name="tearDown" time="0.003" classname="STTA.MavenProject.webdriverTest">
    <skipped/>
  </testcase> <!-- tearDown -->
  <testcase name="TestcaseThree" time="0.008" classname="STTA.MavenProject.webdriverTest">
    <skipped/>
  </testcase> <!-- TestcaseThree -->
  <testcase name="TestCaseFour" time="0.003" classname="STTA.MavenProject.webdriverTest">
    <skipped/>
  </testcase> <!-- TestCaseFour -->
  <testcase name="TestCaseFive" time="0.003" classname="STTA.MavenProject.webdriverTest">
    <skipped/>
  </testcase> <!-- TestCaseFive -->
</testsuite> <!-- Default test -->
